<?xml version="1.0" encoding="UTF-8"?>
<!-- Generated by org.testng.reporters.JUnitReportReporter -->
<testsuite hostname="Bhaskar-123" failures="0" tests="5" name="com.actitime.testscript.Customer_Modue" time="0.029" errors="0" timestamp="2022-11-02T17:54:52 IST" skipped="0">
  <testcase classname="com.actitime.testscript.Customer_Modue" name="createCustomer" time="0.002"/>
  <system-out>
    <![CDATA[Create customer]]>
  </system-out>
  <testcase classname="com.actitime.testscript.Customer_Modue" name="createCustomer" time="0.015"/>
  <system-out>
    <![CDATA[Create customer]]>
  </system-out>
  <testcase classname="com.actitime.testscript.Customer_Modue" name="createCustomer" time="0.003"/>
  <system-out>
    <![CDATA[Create customer]]>
  </system-out>
  <testcase classname="com.actitime.testscript.Customer_Modue" name="modifyCustomer" time="0.002"/>
  <system-out>
    <![CDATA[Modify customer]]>
  </system-out>
  <testcase classname="com.actitime.testscript.Customer_Modue" name="deleteCustomer" time="0.007"/>
  <system-out>
    <![CDATA[Delete customer]]>
  </system-out>
</testsuite> <!-- com.actitime.testscript.Customer_Modue -->
