<?xml version="1.0" encoding="UTF-8"?>
<!-- Generated by org.testng.reporters.JUnitReportReporter -->
<testsuite hostname="Bhaskar-123" failures="0" tests="1" name="com.actitime.testscript.class_DemoTestNG" time="0.021" errors="0" timestamp="2022-10-29T07:18:55 IST" skipped="0">
  <testcase classname="com.actitime.testscript.class_DemoTestNG" name="testDemo" time="0.021"/>
  <system-out>
    <![CDATA[Welcome to TestNG]]>
  </system-out>
</testsuite> <!-- com.actitime.testscript.class_DemoTestNG -->
